<?xml version="1.0" encoding="UTF-8"?>
<!-- Generated by org.testng.reporters.JUnitXMLReporter -->
<testsuite hostname="DESKTOP-2NEM2G6" ignored="0" name="Default test" tests="3" failures="0" timestamp="2021-09-26T12:46:20 IST" time="35.765" errors="0">
  <testcase name="verifyHomePageTitleTest" time="0.015" classname="com.crm.qa.testcases.HomePageTest"/>
  <testcase name="verifyUserNameTest" time="1.517" classname="com.crm.qa.testcases.HomePageTest"/>
  <testcase name="verifyCalenderLinkTest" time="7.359" classname="com.crm.qa.testcases.HomePageTest"/>
</testsuite> <!-- Default test -->
