<?xml version="1.0" encoding="UTF-8"?>
<testng-results skipped="0" failed="1" ignored="0" total="11" passed="10">
  <reporter-output>
  </reporter-output>
  <suite name="FREE CRM Application Test Automation Test Suite" duration-ms="144040" started-at="2021-09-27T21:27:39 IST" finished-at="2021-09-27T21:30:03 IST">
    <groups>
    </groups>
    <test name="Free CRM App Test Cases" duration-ms="144040" started-at="2021-09-27T21:27:39 IST" finished-at="2021-09-27T21:30:03 IST">
      <class name="com.crm.qa.testcases.HomePageTest">
        <test-method status="PASS" signature="setUp()[pri:0, instance:com.crm.qa.testcases.HomePageTest@5bcea91b]" name="setUp" is-config="true" duration-ms="12266" started-at="2021-09-27T21:27:57 IST" finished-at="2021-09-27T21:28:09 IST">
          <reporter-output>
          </reporter-output>
        </test-method> <!-- setUp -->
        <test-method status="PASS" signature="verifyHomePageTitleTest()[pri:1, instance:com.crm.qa.testcases.HomePageTest@5bcea91b]" name="verifyHomePageTitleTest" duration-ms="16" started-at="2021-09-27T21:28:09 IST" finished-at="2021-09-27T21:28:09 IST">
          <reporter-output>
          </reporter-output>
        </test-method> <!-- verifyHomePageTitleTest -->
        <test-method status="PASS" signature="tearDown()[pri:0, instance:com.crm.qa.testcases.HomePageTest@5bcea91b]" name="tearDown" is-config="true" duration-ms="813" started-at="2021-09-27T21:28:09 IST" finished-at="2021-09-27T21:28:10 IST">
          <reporter-output>
          </reporter-output>
        </test-method> <!-- tearDown -->
        <test-method status="PASS" signature="setUp()[pri:0, instance:com.crm.qa.testcases.HomePageTest@5bcea91b]" name="setUp" is-config="true" duration-ms="4821" started-at="2021-09-27T21:28:10 IST" finished-at="2021-09-27T21:28:15 IST">
          <reporter-output>
          </reporter-output>
        </test-method> <!-- setUp -->
        <test-method status="PASS" signature="verifyUserNameTest()[pri:2, instance:com.crm.qa.testcases.HomePageTest@5bcea91b]" name="verifyUserNameTest" duration-ms="3687" started-at="2021-09-27T21:28:15 IST" finished-at="2021-09-27T21:28:18 IST">
          <reporter-output>
          </reporter-output>
        </test-method> <!-- verifyUserNameTest -->
        <test-method status="PASS" signature="tearDown()[pri:0, instance:com.crm.qa.testcases.HomePageTest@5bcea91b]" name="tearDown" is-config="true" duration-ms="641" started-at="2021-09-27T21:28:18 IST" finished-at="2021-09-27T21:28:19 IST">
          <reporter-output>
          </reporter-output>
        </test-method> <!-- tearDown -->
        <test-method status="PASS" signature="setUp()[pri:0, instance:com.crm.qa.testcases.HomePageTest@5bcea91b]" name="setUp" is-config="true" duration-ms="10772" started-at="2021-09-27T21:28:19 IST" finished-at="2021-09-27T21:28:30 IST">
          <reporter-output>
          </reporter-output>
        </test-method> <!-- setUp -->
        <test-method status="PASS" signature="verifyCalenderLinkTest()[pri:3, instance:com.crm.qa.testcases.HomePageTest@5bcea91b]" name="verifyCalenderLinkTest" duration-ms="6778" started-at="2021-09-27T21:28:30 IST" finished-at="2021-09-27T21:28:37 IST">
          <reporter-output>
          </reporter-output>
        </test-method> <!-- verifyCalenderLinkTest -->
        <test-method status="PASS" signature="tearDown()[pri:0, instance:com.crm.qa.testcases.HomePageTest@5bcea91b]" name="tearDown" is-config="true" duration-ms="1407" started-at="2021-09-27T21:28:37 IST" finished-at="2021-09-27T21:28:38 IST">
          <reporter-output>
          </reporter-output>
        </test-method> <!-- tearDown -->
      </class> <!-- com.crm.qa.testcases.HomePageTest -->
      <class name="com.crm.qa.testcases.ContactsPageTest">
        <test-method status="PASS" signature="setUp()[pri:0, instance:com.crm.qa.testcases.ContactsPageTest@27f723]" name="setUp" is-config="true" duration-ms="10491" started-at="2021-09-27T21:28:38 IST" finished-at="2021-09-27T21:28:48 IST">
          <reporter-output>
          </reporter-output>
        </test-method> <!-- setUp -->
        <test-method status="PASS" signature="verifyConatctsPageLabelTest()[pri:1, instance:com.crm.qa.testcases.ContactsPageTest@27f723]" name="verifyConatctsPageLabelTest" duration-ms="70" started-at="2021-09-27T21:28:48 IST" finished-at="2021-09-27T21:28:49 IST">
          <reporter-output>
          </reporter-output>
        </test-method> <!-- verifyConatctsPageLabelTest -->
        <test-method status="PASS" signature="tearDown()[pri:0, instance:com.crm.qa.testcases.ContactsPageTest@27f723]" name="tearDown" is-config="true" duration-ms="672" started-at="2021-09-27T21:28:49 IST" finished-at="2021-09-27T21:28:49 IST">
          <reporter-output>
          </reporter-output>
        </test-method> <!-- tearDown -->
        <test-method status="PASS" signature="setUp()[pri:0, instance:com.crm.qa.testcases.ContactsPageTest@27f723]" name="setUp" is-config="true" duration-ms="8030" started-at="2021-09-27T21:28:49 IST" finished-at="2021-09-27T21:28:57 IST">
          <reporter-output>
          </reporter-output>
        </test-method> <!-- setUp -->
        <test-method status="PASS" signature="SelectSingleContactsTest()[pri:2, instance:com.crm.qa.testcases.ContactsPageTest@27f723]" name="SelectSingleContactsTest" duration-ms="639" started-at="2021-09-27T21:28:57 IST" finished-at="2021-09-27T21:28:58 IST">
          <reporter-output>
          </reporter-output>
        </test-method> <!-- SelectSingleContactsTest -->
        <test-method status="PASS" signature="tearDown()[pri:0, instance:com.crm.qa.testcases.ContactsPageTest@27f723]" name="tearDown" is-config="true" duration-ms="673" started-at="2021-09-27T21:28:58 IST" finished-at="2021-09-27T21:28:59 IST">
          <reporter-output>
          </reporter-output>
        </test-method> <!-- tearDown -->
        <test-method status="PASS" signature="setUp()[pri:0, instance:com.crm.qa.testcases.ContactsPageTest@27f723]" name="setUp" is-config="true" duration-ms="11908" started-at="2021-09-27T21:28:59 IST" finished-at="2021-09-27T21:29:10 IST">
          <reporter-output>
          </reporter-output>
        </test-method> <!-- setUp -->
        <test-method status="FAIL" signature="SelectMultipleContactsTest()[pri:3, instance:com.crm.qa.testcases.ContactsPageTest@27f723]" name="SelectMultipleContactsTest" duration-ms="10403" started-at="2021-09-27T21:29:10 IST" finished-at="2021-09-27T21:29:21 IST">
          <exception class="org.openqa.selenium.NoSuchElementException">
            <message>
              <![CDATA[no such element: Unable to locate element: {"method":"xpath","selector":"//a[contains(text(),'test1 test1')]/parent::td/preceding-sibling::td/child::div[@class='ui fitted read-only checkbox']"}
  (Session info: chrome=94.0.4606.61)
For documentation on this error, please visit: https://www.seleniumhq.org/exceptions/no_such_element.html
Build info: version: '3.141.59', revision: 'e82be7d358', time: '2018-11-14T08:17:03'
System info: host: 'DESKTOP-2NEM2G6', ip: '192.168.2.13', os.name: 'Windows 10', os.arch: 'amd64', os.version: '10.0', java.version: '1.8.0_291'
Driver info: org.openqa.selenium.chrome.ChromeDriver
Capabilities {acceptInsecureCerts: false, browserName: chrome, browserVersion: 94.0.4606.61, chrome: {chromedriverVersion: 93.0.4577.63 (ff5c0da2ec0ad..., userDataDir: C:\Users\ANKIT\AppData\Loca...}, goog:chromeOptions: {debuggerAddress: localhost:50375}, javascriptEnabled: true, networkConnectionEnabled: false, pageLoadStrategy: normal, platform: WINDOWS, platformName: WINDOWS, proxy: Proxy(), setWindowRect: true, strictFileInteractability: false, timeouts: {implicit: 0, pageLoad: 300000, script: 30000}, unhandledPromptBehavior: dismiss and notify, webauthn:extension:credBlob: true, webauthn:extension:largeBlob: true, webauthn:virtualAuthenticators: true}
Session ID: 411bb7291d612273f95214840dcd6e0f
*** Element info: {Using=xpath, value=//a[contains(text(),'test1 test1')]/parent::td/preceding-sibling::td/child::div[@class='ui fitted read-only checkbox']}]]>
            </message>
            <full-stacktrace>
              <![CDATA[org.openqa.selenium.NoSuchElementException: no such element: Unable to locate element: {"method":"xpath","selector":"//a[contains(text(),'test1 test1')]/parent::td/preceding-sibling::td/child::div[@class='ui fitted read-only checkbox']"}
  (Session info: chrome=94.0.4606.61)
For documentation on this error, please visit: https://www.seleniumhq.org/exceptions/no_such_element.html
Build info: version: '3.141.59', revision: 'e82be7d358', time: '2018-11-14T08:17:03'
System info: host: 'DESKTOP-2NEM2G6', ip: '192.168.2.13', os.name: 'Windows 10', os.arch: 'amd64', os.version: '10.0', java.version: '1.8.0_291'
Driver info: org.openqa.selenium.chrome.ChromeDriver
Capabilities {acceptInsecureCerts: false, browserName: chrome, browserVersion: 94.0.4606.61, chrome: {chromedriverVersion: 93.0.4577.63 (ff5c0da2ec0ad..., userDataDir: C:\Users\ANKIT\AppData\Loca...}, goog:chromeOptions: {debuggerAddress: localhost:50375}, javascriptEnabled: true, networkConnectionEnabled: false, pageLoadStrategy: normal, platform: WINDOWS, platformName: WINDOWS, proxy: Proxy(), setWindowRect: true, strictFileInteractability: false, timeouts: {implicit: 0, pageLoad: 300000, script: 30000}, unhandledPromptBehavior: dismiss and notify, webauthn:extension:credBlob: true, webauthn:extension:largeBlob: true, webauthn:virtualAuthenticators: true}
Session ID: 411bb7291d612273f95214840dcd6e0f
*** Element info: {Using=xpath, value=//a[contains(text(),'test1 test1')]/parent::td/preceding-sibling::td/child::div[@class='ui fitted read-only checkbox']}
at sun.reflect.NativeConstructorAccessorImpl.newInstance0(Native Method)
at sun.reflect.NativeConstructorAccessorImpl.newInstance(NativeConstructorAccessorImpl.java:62)
at sun.reflect.DelegatingConstructorAccessorImpl.newInstance(DelegatingConstructorAccessorImpl.java:45)
at java.lang.reflect.Constructor.newInstance(Constructor.java:423)
at org.openqa.selenium.remote.http.W3CHttpResponseCodec.createException(W3CHttpResponseCodec.java:187)
at org.openqa.selenium.remote.http.W3CHttpResponseCodec.decode(W3CHttpResponseCodec.java:122)
at org.openqa.selenium.remote.http.W3CHttpResponseCodec.decode(W3CHttpResponseCodec.java:49)
at org.openqa.selenium.remote.HttpCommandExecutor.execute(HttpCommandExecutor.java:158)
at org.openqa.selenium.remote.service.DriverCommandExecutor.execute(DriverCommandExecutor.java:83)
at org.openqa.selenium.remote.RemoteWebDriver.execute(RemoteWebDriver.java:552)
at org.openqa.selenium.remote.RemoteWebDriver.findElement(RemoteWebDriver.java:323)
at org.openqa.selenium.remote.RemoteWebDriver.findElementByXPath(RemoteWebDriver.java:428)
at org.openqa.selenium.By$ByXPath.findElement(By.java:353)
at org.openqa.selenium.remote.RemoteWebDriver.findElement(RemoteWebDriver.java:315)
at sun.reflect.GeneratedMethodAccessor4.invoke(Unknown Source)
at sun.reflect.DelegatingMethodAccessorImpl.invoke(DelegatingMethodAccessorImpl.java:43)
at java.lang.reflect.Method.invoke(Method.java:498)
at org.openqa.selenium.support.events.EventFiringWebDriver.lambda$new$1(EventFiringWebDriver.java:105)
at com.sun.proxy.$Proxy8.findElement(Unknown Source)
at org.openqa.selenium.support.events.EventFiringWebDriver.findElement(EventFiringWebDriver.java:194)
at com.crm.qa.pages.ContactsPage.selectContactByName(ContactsPage.java:41)
at com.crm.qa.testcases.ContactsPageTest.SelectMultipleContactsTest(ContactsPageTest.java:51)
at sun.reflect.NativeMethodAccessorImpl.invoke0(Native Method)
at sun.reflect.NativeMethodAccessorImpl.invoke(NativeMethodAccessorImpl.java:62)
at sun.reflect.DelegatingMethodAccessorImpl.invoke(DelegatingMethodAccessorImpl.java:43)
at java.lang.reflect.Method.invoke(Method.java:498)
at org.testng.internal.MethodInvocationHelper.invokeMethod(MethodInvocationHelper.java:133)
at org.testng.internal.TestInvoker.invokeMethod(TestInvoker.java:598)
at org.testng.internal.TestInvoker.invokeTestMethod(TestInvoker.java:173)
at org.testng.internal.MethodRunner.runInSequence(MethodRunner.java:46)
at org.testng.internal.TestInvoker$MethodInvocationAgent.invoke(TestInvoker.java:824)
at org.testng.internal.TestInvoker.invokeTestMethods(TestInvoker.java:146)
at org.testng.internal.TestMethodWorker.invokeTestMethods(TestMethodWorker.java:146)
at org.testng.internal.TestMethodWorker.run(TestMethodWorker.java:128)
at java.util.ArrayList.forEach(ArrayList.java:1259)
at org.testng.TestRunner.privateRun(TestRunner.java:794)
at org.testng.TestRunner.run(TestRunner.java:596)
at org.testng.SuiteRunner.runTest(SuiteRunner.java:377)
at org.testng.SuiteRunner.runSequentially(SuiteRunner.java:371)
at org.testng.SuiteRunner.privateRun(SuiteRunner.java:332)
at org.testng.SuiteRunner.run(SuiteRunner.java:276)
at org.testng.SuiteRunnerWorker.runSuite(SuiteRunnerWorker.java:53)
at org.testng.SuiteRunnerWorker.run(SuiteRunnerWorker.java:96)
at org.testng.TestNG.runSuitesSequentially(TestNG.java:1212)
at org.testng.TestNG.runSuitesLocally(TestNG.java:1134)
at org.testng.TestNG.runSuites(TestNG.java:1063)
at org.testng.TestNG.run(TestNG.java:1031)
at org.testng.remote.AbstractRemoteTestNG.run(AbstractRemoteTestNG.java:115)
at org.testng.remote.RemoteTestNG.initAndRun(RemoteTestNG.java:251)
at org.testng.remote.RemoteTestNG.main(RemoteTestNG.java:77)
]]>
            </full-stacktrace>
          </exception> <!-- org.openqa.selenium.NoSuchElementException -->
          <reporter-output>
          </reporter-output>
        </test-method> <!-- SelectMultipleContactsTest -->
        <test-method status="PASS" signature="tearDown()[pri:0, instance:com.crm.qa.testcases.ContactsPageTest@27f723]" name="tearDown" is-config="true" duration-ms="657" started-at="2021-09-27T21:29:21 IST" finished-at="2021-09-27T21:29:22 IST">
          <reporter-output>
          </reporter-output>
        </test-method> <!-- tearDown -->
        <test-method status="PASS" signature="setUp()[pri:0, instance:com.crm.qa.testcases.ContactsPageTest@27f723]" name="setUp" is-config="true" duration-ms="11561" started-at="2021-09-27T21:29:23 IST" finished-at="2021-09-27T21:29:34 IST">
          <reporter-output>
          </reporter-output>
        </test-method> <!-- setUp -->
        <test-method status="PASS" signature="validateCreateNewContact(java.lang.String,java.lang.String)[pri:4, instance:com.crm.qa.testcases.ContactsPageTest@27f723]" name="validateCreateNewContact" duration-ms="1085" started-at="2021-09-27T21:29:34 IST" data-provider="getCRMTestData" finished-at="2021-09-27T21:29:35 IST">
          <params>
            <param index="0">
              <value>
                <![CDATA[test7]]>
              </value>
            </param>
            <param index="1">
              <value>
                <![CDATA[test7]]>
              </value>
            </param>
          </params>
          <reporter-output>
          </reporter-output>
        </test-method> <!-- validateCreateNewContact -->
        <test-method status="PASS" signature="tearDown()[pri:0, instance:com.crm.qa.testcases.ContactsPageTest@27f723]" name="tearDown" is-config="true" duration-ms="705" started-at="2021-09-27T21:29:35 IST" finished-at="2021-09-27T21:29:36 IST">
          <reporter-output>
          </reporter-output>
        </test-method> <!-- tearDown -->
        <test-method status="PASS" signature="setUp()[pri:0, instance:com.crm.qa.testcases.ContactsPageTest@27f723]" name="setUp" is-config="true" duration-ms="12595" started-at="2021-09-27T21:29:36 IST" finished-at="2021-09-27T21:29:49 IST">
          <reporter-output>
          </reporter-output>
        </test-method> <!-- setUp -->
        <test-method status="PASS" signature="validateCreateNewContact(java.lang.String,java.lang.String)[pri:4, instance:com.crm.qa.testcases.ContactsPageTest@27f723]" name="validateCreateNewContact" duration-ms="2166" started-at="2021-09-27T21:29:49 IST" data-provider="getCRMTestData" finished-at="2021-09-27T21:29:51 IST">
          <params>
            <param index="0">
              <value>
                <![CDATA[test8]]>
              </value>
            </param>
            <param index="1">
              <value>
                <![CDATA[test8]]>
              </value>
            </param>
          </params>
          <reporter-output>
          </reporter-output>
        </test-method> <!-- validateCreateNewContact -->
        <test-method status="PASS" signature="tearDown()[pri:0, instance:com.crm.qa.testcases.ContactsPageTest@27f723]" name="tearDown" is-config="true" duration-ms="684" started-at="2021-09-27T21:29:51 IST" finished-at="2021-09-27T21:29:51 IST">
          <reporter-output>
          </reporter-output>
        </test-method> <!-- tearDown -->
        <test-method status="PASS" signature="setUp()[pri:0, instance:com.crm.qa.testcases.ContactsPageTest@27f723]" name="setUp" is-config="true" duration-ms="10237" started-at="2021-09-27T21:29:51 IST" finished-at="2021-09-27T21:30:02 IST">
          <reporter-output>
          </reporter-output>
        </test-method> <!-- setUp -->
        <test-method status="PASS" signature="validateCreateNewContact(java.lang.String,java.lang.String)[pri:4, instance:com.crm.qa.testcases.ContactsPageTest@27f723]" name="validateCreateNewContact" duration-ms="1050" started-at="2021-09-27T21:30:02 IST" data-provider="getCRMTestData" finished-at="2021-09-27T21:30:03 IST">
          <params>
            <param index="0">
              <value>
                <![CDATA[test9]]>
              </value>
            </param>
            <param index="1">
              <value>
                <![CDATA[test9]]>
              </value>
            </param>
          </params>
          <reporter-output>
          </reporter-output>
        </test-method> <!-- validateCreateNewContact -->
        <test-method status="PASS" signature="tearDown()[pri:0, instance:com.crm.qa.testcases.ContactsPageTest@27f723]" name="tearDown" is-config="true" duration-ms="747" started-at="2021-09-27T21:30:03 IST" finished-at="2021-09-27T21:30:03 IST">
          <reporter-output>
          </reporter-output>
        </test-method> <!-- tearDown -->
      </class> <!-- com.crm.qa.testcases.ContactsPageTest -->
      <class name="com.crm.qa.testcases.LoginPageTest">
        <test-method status="PASS" signature="setUp()[pri:0, instance:com.crm.qa.testcases.LoginPageTest@467aecef]" name="setUp" is-config="true" duration-ms="5679" started-at="2021-09-27T21:27:39 IST" finished-at="2021-09-27T21:27:45 IST">
          <reporter-output>
          </reporter-output>
        </test-method> <!-- setUp -->
        <test-method status="PASS" signature="loginPageTitleTest()[pri:1, instance:com.crm.qa.testcases.LoginPageTest@467aecef]" name="loginPageTitleTest" duration-ms="453" started-at="2021-09-27T21:27:45 IST" finished-at="2021-09-27T21:27:46 IST">
          <reporter-output>
          </reporter-output>
        </test-method> <!-- loginPageTitleTest -->
        <test-method status="PASS" signature="tearDown()[pri:0, instance:com.crm.qa.testcases.LoginPageTest@467aecef]" name="tearDown" is-config="true" duration-ms="755" started-at="2021-09-27T21:27:46 IST" finished-at="2021-09-27T21:27:46 IST">
          <reporter-output>
          </reporter-output>
        </test-method> <!-- tearDown -->
        <test-method status="PASS" signature="setUp()[pri:0, instance:com.crm.qa.testcases.LoginPageTest@467aecef]" name="setUp" is-config="true" duration-ms="6364" started-at="2021-09-27T21:27:46 IST" finished-at="2021-09-27T21:27:53 IST">
          <reporter-output>
          </reporter-output>
        </test-method> <!-- setUp -->
        <test-method status="PASS" signature="loginTest()[pri:2, instance:com.crm.qa.testcases.LoginPageTest@467aecef]" name="loginTest" duration-ms="3327" started-at="2021-09-27T21:27:53 IST" finished-at="2021-09-27T21:27:56 IST">
          <reporter-output>
          </reporter-output>
        </test-method> <!-- loginTest -->
        <test-method status="PASS" signature="tearDown()[pri:0, instance:com.crm.qa.testcases.LoginPageTest@467aecef]" name="tearDown" is-config="true" duration-ms="641" started-at="2021-09-27T21:27:56 IST" finished-at="2021-09-27T21:27:57 IST">
          <reporter-output>
          </reporter-output>
        </test-method> <!-- tearDown -->
      </class> <!-- com.crm.qa.testcases.LoginPageTest -->
    </test> <!-- Free CRM App Test Cases -->
  </suite> <!-- FREE CRM Application Test Automation Test Suite -->
</testng-results>
